<?xml version="1.0" encoding="UTF-8"?>
<testsuite name="com.arthenica.ffmpegkit.FFmpegSessionTest" tests="10" skipped="0" failures="0" errors="0" timestamp="2026-04-24T19:38:54" hostname="MacBookAir.mshome.net" time="0.003">
  <properties/>
  <testcase name="constructorTest" classname="com.arthenica.ffmpegkit.FFmpegSessionTest" time="0.001"/>
  <testcase name="getSessionIdTest" classname="com.arthenica.ffmpegkit.FFmpegSessionTest" time="0.0"/>
  <testcase name="getLogsAsStringTest" classname="com.arthenica.ffmpegkit.FFmpegSessionTest" time="0.0"/>
  <testcase name="completeTest" classname="com.arthenica.ffmpegkit.FFmpegSessionTest" time="0.001"/>
  <testcase name="constructorTest2" classname="com.arthenica.ffmpegkit.FFmpegSessionTest" time="0.0"/>
  <testcase name="constructorTest3" classname="com.arthenica.ffmpegkit.FFmpegSessionTest" time="0.0"/>
  <testcase name="getLogs" classname="com.arthenica.ffmpegkit.FFmpegSessionTest" time="0.0"/>
  <testcase name="failTest" classname="com.arthenica.ffmpegkit.FFmpegSessionTest" time="0.001"/>
  <testcase name="getLogRedirectionStrategy" classname="com.arthenica.ffmpegkit.FFmpegSessionTest" time="0.0"/>
  <testcase name="startRunningTest" classname="com.arthenica.ffmpegkit.FFmpegSessionTest" time="0.0"/>
  <system-out><![CDATA[]]></system-out>
  <system-err><![CDATA[]]></system-err>
</testsuite>
